<?xml version="1.0" encoding="UTF-8" ?>
<testsuite tests="5" failures="0" name="Tester" time="0.026" errors="0" skipped="0">
  <properties>
[...]
</properties>
  <testcase classname="Tester" name="testClassBooked" time="0.011"/>
  <testcase classname="Tester" name="testAttendedClassRemoved" time="0.004"/>
  <testcase classname="Tester" name="testRemoved" time="0.002"/>
  <testcase classname="Tester" name="testUserExist" time="0.006"/>
  <testcase classname="Tester" name="testDataFileExit" time="0.003"/>
</testsuite>